{"/Users/jamesmueller/Projects/Pairings/src/app.tsx": {"path":"/Users/jamesmueller/Projects/Pairings/src/app.tsx","statementMap":{"0":{"start":{"line":1,"column":0},"end":{"line":1,"column":31}},"1":{"start":{"line":2,"column":0},"end":{"line":2,"column":64}},"2":{"start":{"line":4,"column":21},"end":{"line":9,"column":2}},"3":{"start":{"line":16,"column":4},"end":{"line":28,"column":6}},"4":{"start":{"line":14,"column":0},"end":{"line":14,"column":13}},"5":{"start":{"line":32,"column":15},"end":{"line":49,"column":2}}},"fnMap":{"0":{"name":"(anonymous_0)","decl":{"start":{"line":15,"column":2},"end":{"line":15,"column":8}},"loc":{"start":{"line":15,"column":8},"end":{"line":29,"column":3}}}},"branchMap":{},"s":{"0":1,"1":1,"2":1,"3":1,"4":1,"5":1},"f":{"0":1},"b":{}}
}
